Using pre-set license
Built from '2020.3/staging' branch; Version is '2020.3.11f1 (99c7afb366b3) revision 10078127'; Using compiler version '192528614'; Build Type 'Release'
OS: 'Windows 10 Pro; OS build 19042.1165; Version 2009; 64bit' Language: 'ko' Physical Memory: 8150 MB
BatchMode: 1, IsHumanControllingUs: 0, StartBugReporterOnCrash: 0, Is64bit: 1, IsPro: 0

 COMMAND LINE ARGUMENTS:
C:\Program Files\Unity\Hub\Editor\2020.3.11f1\Editor\Unity.exe
-adb2
-batchMode
-noUpm
-name
AssetImportWorker0
-projectPath
C:/Users/admin/Documents/GitHub/Tunier/YSG
-logFile
Logs/AssetImportWorker0.log
-srvPort
53039
Successfully changed project path to: C:/Users/admin/Documents/GitHub/Tunier/YSG
C:/Users/admin/Documents/GitHub/Tunier/YSG
Using Asset Import Pipeline V2.
Refreshing native plugins compatible for Editor in 48.69 ms, found 3 plugins.
Preloading 0 native plugins for Editor in 0.00 ms.
Initialize engine version: 2020.3.11f1 (99c7afb366b3)
[Subsystems] Discovering subsystems at path C:/Program Files/Unity/Hub/Editor/2020.3.11f1/Editor/Data/Resources/UnitySubsystems
[Subsystems] Discovering subsystems at path C:/Users/admin/Documents/GitHub/Tunier/YSG/Assets
GfxDevice: creating device client; threaded=0
Direct3D:
    Version:  Direct3D 11.0 [level 11.1]
    Renderer: NVIDIA GeForce GTX 1050 Ti (ID=0x1c82)
    Vendor:   
    VRAM:     4018 MB
    Driver:   27.21.14.5671
Initialize mono
Mono path[0] = 'C:/Program Files/Unity/Hub/Editor/2020.3.11f1/Editor/Data/Managed'
Mono path[1] = 'C:/Program Files/Unity/Hub/Editor/2020.3.11f1/Editor/Data/MonoBleedingEdge/lib/mono/unityjit'
Mono config path = 'C:/Program Files/Unity/Hub/Editor/2020.3.11f1/Editor/Data/MonoBleedingEdge/etc'
Using monoOptions --debugger-agent=transport=dt_socket,embedding=1,server=y,suspend=n,address=127.0.0.1:56212
Begin MonoManager ReloadAssembly
Registering precompiled unity dll's ...
Register platform support module: C:/Program Files/Unity/Hub/Editor/2020.3.11f1/Editor/Data/PlaybackEngines/WindowsStandaloneSupport/UnityEditor.WindowsStandalone.Extensions.dll
Registered in 0.002105 seconds.
Native extension for WindowsStandalone target not found
Refreshing native plugins compatible for Editor in 47.61 ms, found 3 plugins.
Preloading 0 native plugins for Editor in 0.00 ms.
Mono: successfully reloaded assembly
- Completed reload, in  1.908 seconds
Platform modules already initialized, skipping
Registering precompiled user dll's ...
Registered in 0.004679 seconds.
Begin MonoManager ReloadAssembly
Native extension for WindowsStandalone target not found
Refreshing native plugins compatible for Editor in 56.09 ms, found 3 plugins.
Preloading 0 native plugins for Editor in 0.00 ms.
Mono: successfully reloaded assembly
- Completed reload, in  1.481 seconds
Platform modules already initialized, skipping
========================================================================
Worker process is ready to serve import requests
Launched and connected shader compiler UnityShaderCompiler.exe after 0.06 seconds
Refreshing native plugins compatible for Editor in 0.59 ms, found 3 plugins.
Preloading 0 native plugins for Editor in 0.00 ms.
Unloading 2095 Unused Serialized files (Serialized files now loaded: 0)
System memory in use before: 182.1 MB.
System memory in use after: 182.0 MB.

Unloading 33 unused Assets to reduce memory usage. Loaded Objects now: 2562.
Total: 16.798700 ms (FindLiveObjects: 0.273200 ms CreateObjectMapping: 0.109600 ms MarkObjects: 16.193300 ms  DeleteObjects: 0.220800 ms)

========================================================================
Received Import Request.
  path: Assets/02.Scripts/Enemy/Boss.cs
  artifactKey: Guid(b6a54d97ba9fb334689825e42175a3b2) Importer(815301076,1909f56bfc062723c751e8b465ee728b)
Start importing Assets/02.Scripts/Enemy/Boss.cs using Guid(b6a54d97ba9fb334689825e42175a3b2) Importer(815301076,1909f56bfc062723c751e8b465ee728b)  -> (artifact id: '696a6cd4bbc7a4251df1618081e74009') in 0.030080 seconds
  Import took 0.035815 seconds .

========================================================================
Received Import Request.
  Time since last request: 0.000430 seconds.
  path: Assets/02.Scripts
  artifactKey: Guid(876e666f5da292c47a8be2bdf4e12f21) Importer(815301076,1909f56bfc062723c751e8b465ee728b)
Start importing Assets/02.Scripts using Guid(876e666f5da292c47a8be2bdf4e12f21) Importer(815301076,1909f56bfc062723c751e8b465ee728b)  -> (artifact id: '442b181a876a7c54676c04a6eff8e72e') in 0.007930 seconds
  Import took 0.011480 seconds .

========================================================================
Received Import Request.
  Time since last request: 0.000201 seconds.
  path: Assets/02.Scripts/Enemy
  artifactKey: Guid(52b2b48968bb6e2449ab506ffc87c4d1) Importer(815301076,1909f56bfc062723c751e8b465ee728b)
Start importing Assets/02.Scripts/Enemy using Guid(52b2b48968bb6e2449ab506ffc87c4d1) Importer(815301076,1909f56bfc062723c751e8b465ee728b)  -> (artifact id: 'f62a72170166b18ce05a6e649eed2edb') in 0.006852 seconds
  Import took 0.010235 seconds .

AssetImportWorkerClient::OnTransportError - code=2 error=End of file
